<?xml version="1.0" encoding="UTF-8"?>
<!-- Generated by org.testng.reporters.JUnitReportReporter -->
<testsuite hostname="DESKTOP-AcerAspire7" failures="0" tests="1" name="Test.Test1DesktopPage" time="8.198" errors="0" timestamp="2022-11-20T08:10:32 IST" skipped="0">
  <testcase classname="Test.Test1DesktopPage" name="testMAC" time="8.198"/>
  <system-out/>
</testsuite> <!-- Test.Test1DesktopPage -->
